<?xml version="1.0" encoding="UTF-8"?>
<!-- Generated by org.testng.reporters.JUnitXMLReporter -->
<testsuite hostname="Ahammed" ignored="0" name="Default test(failed)(failed)(failed)(failed)" tests="1" failures="0" timestamp="30 Oct 2017 20:16:54 GMT" time="11.227" errors="0">
  <testcase name="@BeforeTest setUp" time="11.147" classname="test.DemoProject.packege.HomePage.TC0001_VarifyLoginWithValidCredential">
    <failure type="org.openqa.selenium.WebDriverException" message="Failed to decode response from marionette
Build info: version: &amp;apos;3.6.0&amp;apos;, revision: &amp;apos;6fbf3ec767&amp;apos;, time: &amp;apos;2017-09-27T15:28:36.4Z&amp;apos;
System info: host: &amp;apos;AHAMMED&amp;apos;, ip: &amp;apos;192.168.1.10&amp;apos;, os.name: &amp;apos;Windows 10&amp;apos;, os.arch: &amp;apos;amd64&amp;apos;, os.version: &amp;apos;10.0&amp;apos;, java.version: &amp;apos;1.8.0_141&amp;apos;
Driver info: org.openqa.selenium.firefox.FirefoxDriver
Capabilities [{moz:profile=C:\Users\Ahammed Sorif\AppData\Local\Temp\rust_mozprofile.2xoCJ7GxUO33, rotatable=false, timeouts={implicit=0, pageLoad=300000, script=30000}, pageLoadStrategy=normal, moz:headless=false, platform=XP, specificationLevel=0, moz:accessibilityChecks=false, acceptInsecureCerts=true, browserVersion=56.0.1, platformVersion=10.0, moz:processID=7608, browserName=firefox, javascriptEnabled=true, platformName=XP}]
Session ID: 4edf05db-25b8-47bb-b33d-40623eb3da4b">
      <![CDATA[org.openqa.selenium.WebDriverException: Failed to decode response from marionette
Build info: version: '3.6.0', revision: '6fbf3ec767', time: '2017-09-27T15:28:36.4Z'
System info: host: 'AHAMMED', ip: '192.168.1.10', os.name: 'Windows 10', os.arch: 'amd64', os.version: '10.0', java.version: '1.8.0_141'
Driver info: org.openqa.selenium.firefox.FirefoxDriver
Capabilities [{moz:profile=C:\Users\Ahammed Sorif\AppData\Local\Temp\rust_mozprofile.2xoCJ7GxUO33, rotatable=false, timeouts={implicit=0, pageLoad=300000, script=30000}, pageLoadStrategy=normal, moz:headless=false, platform=XP, specificationLevel=0, moz:accessibilityChecks=false, acceptInsecureCerts=true, browserVersion=56.0.1, platformVersion=10.0, moz:processID=7608, browserName=firefox, javascriptEnabled=true, platformName=XP}]
Session ID: 4edf05db-25b8-47bb-b33d-40623eb3da4b
	at org.openqa.selenium.remote.http.W3CHttpResponseCodec.createException(W3CHttpResponseCodec.java:185)
	at org.openqa.selenium.remote.http.W3CHttpResponseCodec.decode(W3CHttpResponseCodec.java:120)
	at org.openqa.selenium.remote.http.W3CHttpResponseCodec.decode(W3CHttpResponseCodec.java:49)
	at org.openqa.selenium.remote.HttpCommandExecutor.execute(HttpCommandExecutor.java:164)
	at org.openqa.selenium.remote.service.DriverCommandExecutor.execute(DriverCommandExecutor.java:83)
	at org.openqa.selenium.remote.RemoteWebDriver.execute(RemoteWebDriver.java:586)
	at org.openqa.selenium.remote.RemoteWebDriver.execute(RemoteWebDriver.java:643)
	at org.openqa.selenium.remote.RemoteWebDriver$RemoteWebDriverOptions$RemoteWindow.maximize(RemoteWebDriver.java:877)
	at test.DemoProject.BaseTest.BaseTest.getUrl(BaseTest.java:43)
	at test.DemoProject.BaseTest.BaseTest.init(BaseTest.java:17)
	at test.DemoProject.packege.HomePage.TC0001_VarifyLoginWithValidCredential.setUp(TC0001_VarifyLoginWithValidCredential.java:15)
... Removed 27 stack frames]]>
    </failure>
  </testcase> <!-- @BeforeTest setUp -->
  <testcase name="@AfterTest endTest" time="0.0" classname="test.DemoProject.packege.HomePage.TC0001_VarifyLoginWithValidCredential">
    <skipped/>
  </testcase> <!-- @AfterTest endTest -->
  <testcase name="VarifyWithValidCredential" time="0.0" classname="test.DemoProject.packege.HomePage.TC0001_VarifyLoginWithValidCredential">
    <skipped/>
  </testcase> <!-- VarifyWithValidCredential -->
</testsuite> <!-- Default test(failed)(failed)(failed)(failed) -->
